# JRE version: Java(TM) SE Runtime Environment (8.0_161-b12) (build 1.8.0_161-b12)
# Java VM: Java HotSpot(TM) 64-Bit Server VM (25.161-b12 mixed mode windows-amd64 compressed oops)
Heap:
 PSYoungGen      total 43520K, used 288K [0x00000000d6600000, 0x00000000d9a00000, 0x0000000100000000)
  eden space 34816K, 0% used [0x00000000d6600000,0x00000000d6648388,0x00000000d8800000)
  from space 8704K, 0% used [0x00000000d8800000,0x00000000d8800000,0x00000000d9080000)
  to   space 7680K, 0% used [0x00000000d9080000,0x00000000d9080000,0x00000000d9800000)
 ParOldGen       total 49664K, used 12330K [0x0000000083200000, 0x0000000086280000, 0x00000000d6600000)
  object space 49664K, 24% used [0x0000000083200000,0x0000000083e0a908,0x0000000086280000)
 Metaspace       used 29325K, capacity 30733K, committed 30848K, reserved 1081344K
  class space    used 3919K, capacity 4200K, committed 4224K, reserved 1048576K
GC Heap History (10 events):
Event: 9.047 GC heap before
{Heap before GC invocations=14 (full 4):
 PSYoungGen      total 37888K, used 33890K [0x00000000d6600000, 0x00000000d9500000, 0x0000000100000000)
  eden space 30720K, 100% used [0x00000000d6600000,0x00000000d8400000,0x00000000d8400000)
  from space 7168K, 44% used [0x00000000d8400000,0x00000000d8718908,0x00000000d8b00000)
  to   space 7168K, 0% used [0x00000000d8e00000,0x00000000d8e00000,0x00000000d9500000)
 ParOldGen       total 49664K, used 7129K [0x0000000083200000, 0x0000000086280000, 0x00000000d6600000)
  object space 49664K, 14% used [0x0000000083200000,0x00000000838f6740,0x0000000086280000)
 Metaspace       used 24121K, capacity 25044K, committed 25344K, reserved 1073152K
  class space    used 3224K, capacity 3434K, committed 3584K, reserved 1048576K
Event: 9.063 GC heap after
Heap after GC invocations=14 (full 4):
 PSYoungGen      total 39936K, used 4665K [0x00000000d6600000, 0x00000000d9480000, 0x0000000100000000)
  eden space 33280K, 0% used [0x00000000d6600000,0x00000000d6600000,0x00000000d8680000)
  from space 6656K, 70% used [0x00000000d8e00000,0x00000000d928e578,0x00000000d9480000)
  to   space 7168K, 0% used [0x00000000d8680000,0x00000000d8680000,0x00000000d8d80000)
 ParOldGen       total 49664K, used 7201K [0x0000000083200000, 0x0000000086280000, 0x00000000d6600000)
  object space 49664K, 14% used [0x0000000083200000,0x0000000083908750,0x0000000086280000)
 Metaspace       used 24121K, capacity 25044K, committed 25344K, reserved 1073152K
  class space    used 3224K, capacity 3434K, committed 3584K, reserved 1048576K
}
Event: 9.824 GC heap before
{Heap before GC invocations=15 (full 4):
 PSYoungGen      total 39936K, used 37945K [0x00000000d6600000, 0x00000000d9480000, 0x0000000100000000)
  eden space 33280K, 100% used [0x00000000d6600000,0x00000000d8680000,0x00000000d8680000)
  from space 6656K, 70% used [0x00000000d8e00000,0x00000000d928e578,0x00000000d9480000)
  to   space 7168K, 0% used [0x00000000d8680000,0x00000000d8680000,0x00000000d8d80000)
 ParOldGen       total 49664K, used 7201K [0x0000000083200000, 0x0000000086280000, 0x00000000d6600000)
  object space 49664K, 14% used [0x0000000083200000,0x0000000083908750,0x0000000086280000)
 Metaspace       used 26252K, capacity 27238K, committed 27392K, reserved 1075200K
  class space    used 3521K, capacity 3753K, committed 3840K, reserved 1048576K
Event: 9.836 GC heap after
Heap after GC invocations=15 (full 4):
 PSYoungGen      total 40448K, used 5934K [0x00000000d6600000, 0x00000000d9800000, 0x0000000100000000)
  eden space 33280K, 0% used [0x00000000d6600000,0x00000000d6600000,0x00000000d8680000)
  from space 7168K, 82% used [0x00000000d8680000,0x00000000d8c4b850,0x00000000d8d80000)
  to   space 7680K, 0% used [0x00000000d9080000,0x00000000d9080000,0x00000000d9800000)
 ParOldGen       total 49664K, used 7209K [0x0000000083200000, 0x0000000086280000, 0x00000000d6600000)
  object space 49664K, 14% used [0x0000000083200000,0x000000008390a750,0x0000000086280000)
 Metaspace       used 26252K, capacity 27238K, committed 27392K, reserved 1075200K
  class space    used 3521K, capacity 3753K, committed 3840K, reserved 1048576K
}
Event: 10.532 GC heap before
{Heap before GC invocations=16 (full 4):
 PSYoungGen      total 40448K, used 39214K [0x00000000d6600000, 0x00000000d9800000, 0x0000000100000000)
  eden space 33280K, 100% used [0x00000000d6600000,0x00000000d8680000,0x00000000d8680000)
  from space 7168K, 82% used [0x00000000d8680000,0x00000000d8c4b850,0x00000000d8d80000)
  to   space 7680K, 0% used [0x00000000d9080000,0x00000000d9080000,0x00000000d9800000)
 ParOldGen       total 49664K, used 7209K [0x0000000083200000, 0x0000000086280000, 0x00000000d6600000)
  object space 49664K, 14% used [0x0000000083200000,0x000000008390a750,0x0000000086280000)
 Metaspace       used 28652K, capacity 30042K, committed 30336K, reserved 1077248K
  class space    used 3844K, capacity 4123K, committed 4224K, reserved 1048576K
Event: 10.548 GC heap after
Heap after GC invocations=16 (full 4):
 PSYoungGen      total 42496K, used 7666K [0x00000000d6600000, 0x00000000d9a00000, 0x0000000100000000)
  eden space 34816K, 0% used [0x00000000d6600000,0x00000000d6600000,0x00000000d8800000)
  from space 7680K, 99% used [0x00000000d9080000,0x00000000d97fcac8,0x00000000d9800000)
  to   space 8704K, 0% used [0x00000000d8800000,0x00000000d8800000,0x00000000d9080000)
 ParOldGen       total 49664K, used 7430K [0x0000000083200000, 0x0000000086280000, 0x00000000d6600000)
  object space 49664K, 14% used [0x0000000083200000,0x0000000083941a10,0x0000000086280000)
 Metaspace       used 28652K, capacity 30042K, committed 30336K, reserved 1077248K
  class space    used 3844K, capacity 4123K, committed 4224K, reserved 1048576K
}
Event: 10.906 GC heap before
{Heap before GC invocations=17 (full 4):
 PSYoungGen      total 42496K, used 22985K [0x00000000d6600000, 0x00000000d9a00000, 0x0000000100000000)
  eden space 34816K, 44% used [0x00000000d6600000,0x00000000d74f5c48,0x00000000d8800000)
  from space 7680K, 99% used [0x00000000d9080000,0x00000000d97fcac8,0x00000000d9800000)
  to   space 8704K, 0% used [0x00000000d8800000,0x00000000d8800000,0x00000000d9080000)
 ParOldGen       total 49664K, used 7430K [0x0000000083200000, 0x0000000086280000, 0x00000000d6600000)
  object space 49664K, 14% used [0x0000000083200000,0x0000000083941a10,0x0000000086280000)
 Metaspace       used 29323K, capacity 30733K, committed 30848K, reserved 1083392K
  class space    used 3918K, capacity 4200K, committed 4224K, reserved 1048576K
Event: 10.927 GC heap after
Heap after GC invocations=17 (full 4):
 PSYoungGen      total 43520K, used 6982K [0x00000000d6600000, 0x00000000d9a00000, 0x0000000100000000)
  eden space 34816K, 0% used [0x00000000d6600000,0x00000000d6600000,0x00000000d8800000)
  from space 8704K, 80% used [0x00000000d8800000,0x00000000d8ed1880,0x00000000d9080000)
  to   space 7680K, 0% used [0x00000000d9080000,0x00000000d9080000,0x00000000d9800000)
 ParOldGen       total 49664K, used 7438K [0x0000000083200000, 0x0000000086280000, 0x00000000d6600000)
  object space 49664K, 14% used [0x0000000083200000,0x0000000083943a10,0x0000000086280000)
 Metaspace       used 29323K, capacity 30733K, committed 30848K, reserved 1083392K
  class space    used 3918K, capacity 4200K, committed 4224K, reserved 1048576K
}
Event: 10.927 GC heap before
{Heap before GC invocations=18 (full 5):
 PSYoungGen      total 43520K, used 6982K [0x00000000d6600000, 0x00000000d9a00000, 0x0000000100000000)
  eden space 34816K, 0% used [0x00000000d6600000,0x00000000d6600000,0x00000000d8800000)
  from space 8704K, 80% used [0x00000000d8800000,0x00000000d8ed1880,0x00000000d9080000)
  to   space 7680K, 0% used [0x00000000d9080000,0x00000000d9080000,0x00000000d9800000)
 ParOldGen       total 49664K, used 7438K [0x0000000083200000, 0x0000000086280000, 0x00000000d6600000)
  object space 49664K, 14% used [0x0000000083200000,0x0000000083943a10,0x0000000086280000)
 Metaspace       used 29323K, capacity 30733K, committed 30848K, reserved 1083392K
  class space    used 3918K, capacity 4200K, committed 4224K, reserved 1048576K
Event: 11.235 GC heap after
Heap after GC invocations=18 (full 5):
 PSYoungGen      total 43520K, used 0K [0x00000000d6600000, 0x00000000d9a00000, 0x0000000100000000)
  eden space 34816K, 0% used [0x00000000d6600000,0x00000000d6600000,0x00000000d8800000)
  from space 8704K, 0% used [0x00000000d8800000,0x00000000d8800000,0x00000000d9080000)
  to   space 7680K, 0% used [0x00000000d9080000,0x00000000d9080000,0x00000000d9800000)
 ParOldGen       total 49664K, used 12330K [0x0000000083200000, 0x0000000086280000, 0x00000000d6600000)
  object space 49664K, 24% used [0x0000000083200000,0x0000000083e0a908,0x0000000086280000)
 Metaspace       used 29323K, capacity 30733K, committed 30848K, reserved 1081344K
  class space    used 3918K, capacity 4200K, committed 4224K, reserved 1048576K
}

